Arguments: 
  /usr/local/bin/node /opt/yarn-v1.17.3/bin/yarn.js start

PATH: 
  /usr/local/sbin:/usr/local/bin:/usr/sbin:/usr/bin:/sbin:/bin

Yarn version: 
  1.17.3

Node version: 
  10.16.3

Platform: 
  linux x64

Trace: 
  Invariant Violation: Script must exist
      at invariant (/opt/yarn-v1.17.3/lib/cli.js:2314:15)
      at /opt/yarn-v1.17.3/lib/cli.js:62331:11
      at Generator.next (<anonymous>)
      at step (/opt/yarn-v1.17.3/lib/cli.js:304:30)
      at /opt/yarn-v1.17.3/lib/cli.js:322:14
      at new Promise (<anonymous>)
      at new F (/opt/yarn-v1.17.3/lib/cli.js:5296:28)
      at /opt/yarn-v1.17.3/lib/cli.js:301:12
      at runCommand (/opt/yarn-v1.17.3/lib/cli.js:62403:23)
      at Object.<anonymous> (/opt/yarn-v1.17.3/lib/cli.js:62502:14)

npm manifest: 
  {
    "name": "client",
    "version": "1.0.0",
    "description": "",
    "main": "index.js",
    "scripts": {
      "build": "webpack --config webpack.config.js",
      "lint": "eslint",
      "start": "",
      "dev": "webpack --mode development",
      "test": "echo \"Error: no test specified\" && exit 1"
    },
    "author": "Alexa Schaeffer Quintero",
    "license": "ISC",
    "devDependencies": {
      "@babel/core": "^7.6.4",
      "@babel/plugin-transform-runtime": "^7.6.2",
      "@babel/preset-env": "^7.6.3",
      "@babel/preset-react": "^7.6.3",
      "@material-ui/core": "^4.5.2",
      "autoprefixer": "^9.7.0",
      "axios": "^0.19.0",
      "babel": "^6.23.0",
      "babel-eslint": "^10.0.3",
      "babel-loader": "^8.0.6",
      "babel-plugin-transform-class-properties": "^6.24.1",
      "babel-plugin-transform-object-rest-spread": "^6.26.0",
      "css-loader": "^3.2.0",
      "cssnano": "^4.1.10",
      "dotenv": "^8.2.0",
      "dotenv-webpack": "^1.7.0",
      "html-webpack-plugin": "^3.2.0",
      "mini-css-extract-plugin": "^0.8.0",
      "postcss-loader": "^3.0.0",
      "sass": "^1.23.1",
      "sass-loader": "^8.0.0",
      "webpack": "^4.41.2",
      "webpack-cli": "^3.3.9",
      "webpack-dev-server": "^3.9.0"
    },
    "dependencies": {
      "@babel/plugin-proposal-class-properties": "^7.5.5",
      "@babel/runtime": "^7.6.3",
      "material-ui": "^1.0.0-beta.47",
      "moment": "^2.24.0",
      "react": "^16.11.0",
      "react-dom": "^16.11.0",
      "react-hot-loader": "^4.12.15",
      "uniqid": "^5.0.3"
    }
  }

yarn manifest: 
  No manifest

Lockfile: 
  No lockfile
